Build started 15/07/2020 15:57:20.
     1>Project "C:\Users\acer\documents\visual studio 2010\Projects\rope shovel\rope shovel\rope shovel.vcxproj" on node 2 (build target(s)).
     1>InitializeBuildStatus:
         Creating "Debug\rope shovel.unsuccessfulbuild" because "AlwaysCreate" was specified.
       ClCompile:
         D:\KULON SMT3 2020\grafkom\visual studio 2010\VC\bin\CL.exe /c /ZI /nologo /W3 /WX- /Od /Oy- /D WIN32 /D _DEBUG /D _CONSOLE /D _UNICODE /D UNICODE /Gm /EHsc /RTC1 /MDd /GS /fp:precise /Zc:wchar_t /Zc:forScope /Fo"Debug\\" /Fd"Debug\vc100.pdb" /Gd /TP /analyze- /errorReport:prompt "rope shovel.cpp"
         rope shovel.cpp
       ManifestResourceCompile:
         All outputs are up-to-date.
       Link:
         D:\KULON SMT3 2020\grafkom\visual studio 2010\VC\bin\link.exe /ERRORREPORT:PROMPT /OUT:"C:\Users\acer\documents\visual studio 2010\Projects\rope shovel\Debug\rope shovel.exe" /INCREMENTAL /NOLOGO kernel32.lib user32.lib gdi32.lib winspool.lib comdlg32.lib advapi32.lib shell32.lib ole32.lib oleaut32.lib uuid.lib odbc32.lib odbccp32.lib /MANIFEST /ManifestFile:"Debug\rope shovel.exe.intermediate.manifest" /MANIFESTUAC:"level='asInvoker' uiAccess='false'" /DEBUG /PDB:"C:\Users\acer\documents\visual studio 2010\Projects\rope shovel\Debug\rope shovel.pdb" /SUBSYSTEM:CONSOLE /TLBID:1 /DYNAMICBASE /NXCOMPAT /IMPLIB:"C:\Users\acer\documents\visual studio 2010\Projects\rope shovel\Debug\rope shovel.lib" /MACHINE:X86 "Debug\rope shovel.exe.embed.manifest.res"
         "Debug\rope shovel.obj"
       Manifest:
         C:\Program Files (x86)\Microsoft SDKs\Windows\v7.0A\bin\mt.exe /nologo /verbose /out:"Debug\rope shovel.exe.embed.manifest" /manifest "Debug\rope shovel.exe.intermediate.manifest"
         All outputs are up-to-date.
       LinkEmbedManifest:
         All outputs are up-to-date.
         rope shovel.vcxproj -> C:\Users\acer\documents\visual studio 2010\Projects\rope shovel\Debug\rope shovel.exe
       FinalizeBuildStatus:
         Deleting file "Debug\rope shovel.unsuccessfulbuild".
         Touching "Debug\rope shovel.lastbuildstate".
     1>Done Building Project "C:\Users\acer\documents\visual studio 2010\Projects\rope shovel\rope shovel\rope shovel.vcxproj" (build target(s)).

Build succeeded.

Time Elapsed 00:00:02.30
